<?xml version="1.0" encoding="UTF-8"?>
<testng-results skipped="0" failed="0" ignored="0" total="2" passed="2">
  <reporter-output>
  </reporter-output>
  <suite name="Default suite" duration-ms="45" started-at="2017-10-04T13:43:56Z" finished-at="2017-10-04T13:43:56Z">
    <groups>
    </groups>
    <test name="Default test" duration-ms="45" started-at="2017-10-04T13:43:56Z" finished-at="2017-10-04T13:43:56Z">
      <class name="PracticeExercises.parallelTest">
        <test-method status="PASS" signature="beforeMethod()[pri:0, instance:PracticeExercises.parallelTest@48eff760]" name="beforeMethod" is-config="true" duration-ms="5" started-at="2017-10-04T09:43:56Z" finished-at="2017-10-04T09:43:56Z">
          <reporter-output>
          </reporter-output>
        </test-method> <!-- beforeMethod -->
        <test-method status="PASS" signature="testMethodsOne()[pri:0, instance:PracticeExercises.parallelTest@48eff760]" name="testMethodsOne" duration-ms="7" started-at="2017-10-04T09:43:56Z" finished-at="2017-10-04T09:43:56Z">
          <reporter-output>
          </reporter-output>
        </test-method> <!-- testMethodsOne -->
        <test-method status="PASS" signature="beforeMethod()[pri:0, instance:PracticeExercises.parallelTest@48eff760]" name="beforeMethod" is-config="true" duration-ms="1" started-at="2017-10-04T09:43:56Z" finished-at="2017-10-04T09:43:56Z">
          <reporter-output>
          </reporter-output>
        </test-method> <!-- beforeMethod -->
        <test-method status="PASS" signature="afterMethod()[pri:0, instance:PracticeExercises.parallelTest@48eff760]" name="afterMethod" is-config="true" duration-ms="0" started-at="2017-10-04T09:43:56Z" finished-at="2017-10-04T09:43:56Z">
          <reporter-output>
          </reporter-output>
        </test-method> <!-- afterMethod -->
        <test-method status="PASS" signature="testMethodsTwo()[pri:0, instance:PracticeExercises.parallelTest@48eff760]" name="testMethodsTwo" duration-ms="2" started-at="2017-10-04T09:43:56Z" finished-at="2017-10-04T09:43:56Z">
          <reporter-output>
          </reporter-output>
        </test-method> <!-- testMethodsTwo -->
        <test-method status="PASS" signature="afterMethod()[pri:0, instance:PracticeExercises.parallelTest@48eff760]" name="afterMethod" is-config="true" duration-ms="1" started-at="2017-10-04T09:43:56Z" finished-at="2017-10-04T09:43:56Z">
          <reporter-output>
          </reporter-output>
        </test-method> <!-- afterMethod -->
      </class> <!-- PracticeExercises.parallelTest -->
    </test> <!-- Default test -->
  </suite> <!-- Default suite -->
</testng-results>
