<?xml version="1.0" encoding="UTF-8"?>
<!-- Generated by org.testng.reporters.JUnitXMLReporter -->
<testsuite hostname="THR028" ignored="0" name="IETest" tests="1" failures="1" timestamp="03 Oct 2017 00:15:26 GMT" time="0.016" errors="0">
  <testcase name="@AfterClass afterClass" time="0.0" classname="PracticeExercises.multiBrowserTest">
    <failure type="java.lang.NullPointerException">
      <![CDATA[java.lang.NullPointerException
	at PracticeExercises.multiBrowserTest.afterClass(multiBrowserTest.java:88)
... Removed 25 stack frames]]>
    </failure>
  </testcase> <!-- @AfterClass afterClass -->
  <testcase name="loginTest" time="0.0" classname="PracticeExercises.multiBrowserTest">
    <failure type="java.lang.NullPointerException">
      <![CDATA[java.lang.NullPointerException
	at PracticeExercises.multiBrowserTest.loginTest(multiBrowserTest.java:67)
... Removed 25 stack frames]]>
    </failure>
  </testcase> <!-- loginTest -->
</testsuite> <!-- IETest -->
