<?xml version="1.0" encoding="UTF-8"?>
<!-- Generated by org.testng.reporters.JUnitXMLReporter -->
<testsuite hostname="THR028" ignored="0" name="MultiBrowserTest" tests="1" failures="0" timestamp="02 Jun 2017 21:36:37 GMT" time="0.031" errors="0">
  <testcase name="@BeforeClass beforeTest" time="0.0" classname="PracticeExercises.multiBrowserTest">
    <failure type="org.testng.TestNGException" message="
Parameter &amp;apos;browser&amp;apos; is required by BeforeClass on method beforeTest but has not been marked @Optional or defined
in C:\Users\lynn.bierl\workspace\Session11Take4\testng_multibrowser.xml">
      <![CDATA[org.testng.TestNGException: 
Parameter 'browser' is required by BeforeClass on method beforeTest but has not been marked @Optional or defined
in C:\Users\lynn.bierl\workspace\Session11Take4\testng_multibrowser.xml
... Removed 22 stack frames]]>
    </failure>
  </testcase> <!-- @BeforeClass beforeTest -->
  <testcase name="@AfterClass afterClass" time="0.0" classname="PracticeExercises.multiBrowserTest">
    <skipped/>
  </testcase> <!-- @AfterClass afterClass -->
  <testcase name="login" time="0.0" classname="PracticeExercises.multiBrowserTest">
    <skipped/>
  </testcase> <!-- login -->
</testsuite> <!-- MultiBrowserTest -->
