<?xml version="1.0" encoding="UTF-8"?>
<!-- Generated by org.testng.reporters.JUnitXMLReporter -->
<testsuite hostname="THR028" ignored="0" name="EdgeTest" tests="1" failures="1" timestamp="13 Jul 2017 18:31:31 GMT" time="7.083" errors="0">
  <testcase name="login" time="0.002" classname="Examples.MultiBrowser">
    <failure type="java.lang.Error" message="Unresolved compilation problems: 
	W cannot be resolved to a type
	Syntax error, insert &amp;quot;;&amp;quot; to complete BlockStatements
	actions cannot be resolved to a variable
	Actions cannot be resolved to a type
	actions cannot be resolved
	webElement cannot be resolved to a variable
">
      <![CDATA[java.lang.Error: Unresolved compilation problems: 
	W cannot be resolved to a type
	Syntax error, insert ";" to complete BlockStatements
	actions cannot be resolved to a variable
	Actions cannot be resolved to a type
	actions cannot be resolved
	webElement cannot be resolved to a variable

	at Examples.MultiBrowser.login(MultiBrowser.java:75)
... Removed 25 stack frames]]>
    </failure>
  </testcase> <!-- login -->
</testsuite> <!-- EdgeTest -->
