<?xml version="1.0" encoding="UTF-8"?>
<!-- Generated by org.testng.reporters.JUnitXMLReporter -->
<testsuite hostname="THR028" ignored="0" name="IETest" tests="1" failures="0" timestamp="13 Jul 2017 15:05:38 GMT" time="0.014" errors="0">
  <testcase name="@BeforeClass beforeTest" time="0.001" classname="Examples.MultiBrowser">
    <failure type="java.lang.NullPointerException">
      <![CDATA[java.lang.NullPointerException
	at Examples.MultiBrowser.beforeTest(MultiBrowser.java:51)
... Removed 25 stack frames]]>
    </failure>
  </testcase> <!-- @BeforeClass beforeTest -->
  <testcase name="@AfterClass afterTest" time="0.0" classname="Examples.MultiBrowser">
    <skipped/>
  </testcase> <!-- @AfterClass afterTest -->
  <testcase name="login" time="0.0" classname="Examples.MultiBrowser">
    <skipped/>
  </testcase> <!-- login -->
</testsuite> <!-- IETest -->
