<?xml version="1.0" encoding="UTF-8"?>
<testng-results skipped="0" failed="0" ignored="0" total="1" passed="1">
  <reporter-output>
  </reporter-output>
  <suite name="Default suite" duration-ms="5134" started-at="2017-09-26T16:54:30Z" finished-at="2017-09-26T16:54:35Z">
    <groups>
    </groups>
    <test name="Default test" duration-ms="5134" started-at="2017-09-26T16:54:30Z" finished-at="2017-09-26T16:54:35Z">
      <class name="ProjectPackage.Day1TestNG">
        <test-method status="PASS" signature="beforeMethod()[pri:0, instance:ProjectPackage.Day1TestNG@224edc67]" name="beforeMethod" is-config="true" duration-ms="6" started-at="2017-09-26T12:54:30Z" finished-at="2017-09-26T12:54:30Z">
          <reporter-output>
          </reporter-output>
        </test-method> <!-- beforeMethod -->
        <test-method status="PASS" signature="f()[pri:0, instance:ProjectPackage.Day1TestNG@224edc67]" name="f" duration-ms="5107" started-at="2017-09-26T12:54:30Z" finished-at="2017-09-26T12:54:35Z">
          <reporter-output>
          </reporter-output>
        </test-method> <!-- f -->
        <test-method status="PASS" signature="afterMethod()[pri:0, instance:ProjectPackage.Day1TestNG@224edc67]" name="afterMethod" is-config="true" duration-ms="1" started-at="2017-09-26T12:54:35Z" finished-at="2017-09-26T12:54:35Z">
          <reporter-output>
          </reporter-output>
        </test-method> <!-- afterMethod -->
      </class> <!-- ProjectPackage.Day1TestNG -->
    </test> <!-- Default test -->
  </suite> <!-- Default suite -->
</testng-results>
