<?xml version="1.0" encoding="UTF-8"?>
<!-- Generated by org.testng.reporters.JUnitXMLReporter -->
<testsuite hostname="THR028" ignored="0" name="test2" tests="3" failures="0" timestamp="12 Jul 2017 14:02:53 GMT" time="0.042" errors="0">
  <testcase name="initEnvironmentTest" time="0.01" classname="Examples.DependencyTest2UsingAnnotation"/>
  <testcase name="testPrintMessage" time="0.003" classname="Examples.DependencyTest2UsingAnnotation"/>
  <testcase name="testSalutationMessage" time="0.002" classname="Examples.DependencyTest2UsingAnnotation"/>
</testsuite> <!-- test2 -->
