<?xml version="1.0" encoding="UTF-8"?>
<!-- Generated by org.testng.reporters.JUnitXMLReporter -->
<testsuite hostname="THR028" ignored="0" name="test1" tests="3" failures="0" timestamp="13 Jul 2017 14:11:00 GMT" time="0.047" errors="0">
  <testcase name="initEnvironmentTest" time="0.0" classname="Examples.DependencyTest1UsingAnnotation"/>
  <testcase name="testPrintMessage" time="0.015" classname="Examples.DependencyTest1UsingAnnotation"/>
  <testcase name="testSalutationMessage" time="0.0" classname="Examples.DependencyTest1UsingAnnotation"/>
</testsuite> <!-- test1 -->
