<?xml version="1.0" encoding="UTF-8"?>
<!-- Generated by org.testng.reporters.JUnitXMLReporter -->
<testsuite hostname="THR028" ignored="0" name="ClassesTest" tests="2" failures="0" timestamp="20 Jul 2017 21:13:38 GMT" time="4.728" errors="0">
  <testcase name="@BeforeClass beforeClass" time="2.803" classname="advancedReportingPractice1.ClassOne">
    <failure type="java.lang.NullPointerException">
      <![CDATA[java.lang.NullPointerException
	at advancedReportingPractice1.ClassOne.beforeClass(ClassOne.java:25)
... Removed 25 stack frames]]>
    </failure>
  </testcase> <!-- @BeforeClass beforeClass -->
  <testcase name="@AfterClass afterTest" time="0.0" classname="advancedReportingPractice1.ClassOne">
    <skipped/>
  </testcase> <!-- @AfterClass afterTest -->
  <testcase name="@BeforeClass Beforeclass" time="1.905" classname="advancedReportingPractice1.ClassTwo">
    <failure type="java.lang.NullPointerException">
      <![CDATA[java.lang.NullPointerException
	at advancedReportingPractice1.ClassTwo.Beforeclass(ClassTwo.java:24)
... Removed 25 stack frames]]>
    </failure>
  </testcase> <!-- @BeforeClass Beforeclass -->
  <testcase name="@AfterClass Afterclass" time="0.0" classname="advancedReportingPractice1.ClassTwo">
    <skipped/>
  </testcase> <!-- @AfterClass Afterclass -->
  <testcase name="test1_verify_title" time="0.0" classname="advancedReportingPractice1.ClassOne">
    <skipped/>
  </testcase> <!-- test1_verify_title -->
  <testcase name="test2_verify_title" time="0.0" classname="advancedReportingPractice1.ClassTwo">
    <skipped/>
  </testcase> <!-- test2_verify_title -->
</testsuite> <!-- ClassesTest -->
