<?xml version="1.0" encoding="UTF-8"?>
<testng-results skipped="0" failed="0" ignored="0" total="1" passed="1">
  <reporter-output>
  </reporter-output>
  <suite name="Default suite" duration-ms="22657" started-at="2017-10-04T14:51:37Z" finished-at="2017-10-04T14:52:00Z">
    <groups>
    </groups>
    <test name="Default test" duration-ms="22657" started-at="2017-10-04T14:51:37Z" finished-at="2017-10-04T14:52:00Z">
      <class name="PracticeExercises.captureScreenshot">
        <test-method status="PASS" signature="captureScreenMethod()[pri:0, instance:PracticeExercises.captureScreenshot@4b9e13df]" name="captureScreenMethod" duration-ms="22642" started-at="2017-10-04T10:51:37Z" finished-at="2017-10-04T10:52:00Z">
          <reporter-output>
          </reporter-output>
        </test-method> <!-- captureScreenMethod -->
      </class> <!-- PracticeExercises.captureScreenshot -->
    </test> <!-- Default test -->
  </suite> <!-- Default suite -->
</testng-results>
