<?xml version="1.0" encoding="UTF-8"?>
<!-- Generated by org.testng.reporters.JUnitXMLReporter -->
<testsuite hostname="THR028" ignored="2" name="Practice Grouping" tests="3" failures="0" timestamp="26 Sep 2017 15:24:56 GMT" time="0.047" errors="0">
  <testcase name="Car1" time="0.016" classname="firsttestngpackage.firsttestnggroup"/>
  <testcase name="Car2" time="0.0" classname="firsttestngpackage.firsttestnggroup"/>
  <testcase name="Sedan1" time="0.0" classname="firsttestngpackage.firsttestnggroup"/>
  <testcase name="Scooter2" time="0.0" classname="firsttestngpackage.firsttestnggroup">
    <ignored/>
  </testcase> <!-- Scooter2 -->
  <testcase name="Scooter1" time="0.0" classname="firsttestngpackage.firsttestnggroup">
    <ignored/>
  </testcase> <!-- Scooter1 -->
</testsuite> <!-- Practice Grouping -->
