<?xml version="1.0" encoding="UTF-8"?>
<!-- Generated by org.testng.reporters.JUnitXMLReporter -->
<testsuite hostname="THR028" ignored="0" name="IETest" tests="1" failures="1" timestamp="07 Jun 2017 20:49:20 GMT" time="0.012" errors="0">
  <testcase name="@AfterClass afterClass" time="0.0" classname="PracticeExercises.multiBrowserTest">
    <failure type="java.lang.NullPointerException">
      <![CDATA[java.lang.NullPointerException
	at PracticeExercises.multiBrowserTest.afterClass(multiBrowserTest.java:66)
... Removed 25 stack frames]]>
    </failure>
  </testcase> <!-- @AfterClass afterClass -->
  <testcase name="loginTest" time="0.001" classname="PracticeExercises.multiBrowserTest">
    <failure type="java.lang.NullPointerException">
      <![CDATA[java.lang.NullPointerException
	at PracticeExercises.multiBrowserTest.loginTest(multiBrowserTest.java:54)
... Removed 25 stack frames]]>
    </failure>
  </testcase> <!-- loginTest -->
</testsuite> <!-- IETest -->
