<?xml version="1.0" encoding="UTF-8"?>
<!-- Generated by org.testng.reporters.JUnitXMLReporter -->
<testsuite hostname="THR028" ignored="0" name="Simple Reporter test" tests="3" failures="1" timestamp="02 Jun 2017 13:32:01 GMT" time="0.062" errors="0">
  <testcase name="testMethodTwo" time="0.016" classname="PracticeExercises.SampleTest">
    <failure type="java.lang.AssertionError" message="expected [true] but found [false]">
      <![CDATA[java.lang.AssertionError: expected [true] but found [false]
	at PracticeExercises.SampleTest.testMethodTwo(SampleTest.java:14)
... Removed 29 stack frames]]>
    </failure>
  </testcase> <!-- testMethodTwo -->
  <testcase name="testMethodOne" time="0.0" classname="PracticeExercises.SampleTest"/>
  <testcase name="testMethodThree" time="0.0" classname="PracticeExercises.SampleTest">
    <skipped/>
  </testcase> <!-- testMethodThree -->
</testsuite> <!-- Simple Reporter test -->
