<?xml version="1.0" encoding="UTF-8"?>
<!-- Generated by org.testng.reporters.JUnitXMLReporter -->
<testsuite hostname="THR028" ignored="0" name="Default test(failed)" tests="1" failures="1" timestamp="26 Oct 2017 14:52:17 GMT" time="8.637" errors="0">
  <testcase name="finding_all_links" time="0.743" classname="Guru99Project.linkCheck">
    <failure type="java.lang.NullPointerException">
      <![CDATA[java.lang.NullPointerException
	at Guru99Project.linkCheck.finding_all_links(linkCheck.java:111)
... Removed 25 stack frames]]>
    </failure>
  </testcase> <!-- finding_all_links -->
</testsuite> <!-- Default test(failed) -->
